# grub.conf generated by anaconda
#
# Note that you do not have to rerun grub after making changes to this file
# NOTICE:  You have a /boot partition.  This means that
#          all kernel and initrd paths are relative to /boot/, eg.
#          root (hd0,0)
#          kernel /vmlinuz-version ro root=/dev/mapper/rootvg-rootvol
#          initrd /initrd-[generic-]version.img
#boot=/dev/sda
default=1
timeout=5
splashimage=(hd0,0)/grub/splash.xpm.gz
hiddenmenu
title Red Hat Enterprise Linux Workstation (3.10.0-514.rt56.210.el6rt.x86_64)
	root (hd0,0)
	kernel /vmlinuz-3.10.0-514.rt56.210.el6rt.x86_64 ro root=/dev/mapper/rootvg-rootvol rd_NO_LUKS LANG=en_US.UTF-8 rd_NO_MD rd_LVM_LV=rootvg/swapvol SYSFONT=latarcyrheb-sun16 crashkernel=auto rd_LVM_LV=rootvg/rootvol  KEYBOARDTYPE=pc KEYTABLE=us rd_NO_DM isolcpus=2,3 intel_idle.max_cstate=0 processor.max_cstate=0 idle=poll selinux=0 maxcpus=8 clocksource=tsc tsc=reliable 
	initrd /initramfs-3.10.0-514.rt56.210.el6rt.x86_64.img
title Red Hat Enterprise Linux Workstation (2.6.32-431.20.3.el6.x86_64)
	root (hd0,0)
	kernel /vmlinuz-2.6.32-431.20.3.el6.x86_64 ro root=/dev/mapper/rootvg-rootvol rd_NO_LUKS LANG=en_US.UTF-8 rd_NO_MD rd_LVM_LV=rootvg/swapvol SYSFONT=latarcyrheb-sun16 crashkernel=auto rd_LVM_LV=rootvg/rootvol  KEYBOARDTYPE=pc KEYTABLE=us rd_NO_DM isolcpus=0,1,2,3 intel_idle.max_cstate=0 processor.max_cstate=0 idle=poll selinux=0 maxcpus=8 clocksource=tsc tsc=reliable acpi=off noht
	initrd /initramfs-2.6.32-431.20.3.el6.x86_64.img
